Arguments: 
  /usr/local/bin/node /opt/homebrew/Cellar/yarn/1.22.17_2/libexec/bin/yarn.js add -D ts-node

PATH: 
  /Users/lky/Downloads/google-cloud-sdk/bin:/opt/homebrew/bin:/opt/homebrew/sbin:/usr/local/bin:/usr/bin:/bin:/usr/sbin:/sbin:/Users/lky/Downloads/google-cloud-sdk/bin:/opt/homebrew/bin:/opt/homebrew/sbin

Yarn version: 
  1.22.17

Node version: 
  16.13.1

Platform: 
  darwin arm64

Trace: 
  SyntaxError: /Users/lky/Projects/react-graphql/package.json: Unexpected string in JSON at position 224
      at JSON.parse (<anonymous>)
      at /opt/homebrew/Cellar/yarn/1.22.17_2/libexec/lib/cli.js:1625:59
      at Generator.next (<anonymous>)
      at step (/opt/homebrew/Cellar/yarn/1.22.17_2/libexec/lib/cli.js:310:30)
      at /opt/homebrew/Cellar/yarn/1.22.17_2/libexec/lib/cli.js:321:13

npm manifest: 
  {
    "name": "react-graphql",
    "version": "1.0.0",
    "description": "## Source https://www.youtube.com/watch?v=I6ypD7qv3Z8",
    "main": "index.js",
    "scripts": {
      "test": "echo \"Error: no test specified\" && exit 1"
      "start": ""
    },
    "keywords": [],
    "author": "",
    "license": "ISC",
    "devDependencies": {
      "@types/node": "^17.0.10",
      "typescript": "^4.5.4"
    }
  }

yarn manifest: 
  No manifest

Lockfile: 
  # THIS IS AN AUTOGENERATED FILE. DO NOT EDIT THIS FILE DIRECTLY.
  # yarn lockfile v1
  
  
  "@types/node@^17.0.10":
    version "17.0.10"
    resolved "https://registry.yarnpkg.com/@types/node/-/node-17.0.10.tgz#616f16e9d3a2a3d618136b1be244315d95bd7cab"
    integrity sha512-S/3xB4KzyFxYGCppyDt68yzBU9ysL88lSdIah4D6cptdcltc4NCPCAMc0+PCpg/lLIyC7IPvj2Z52OJWeIUkog==
  
  typescript@^4.5.4:
    version "4.5.4"
    resolved "https://registry.yarnpkg.com/typescript/-/typescript-4.5.4.tgz#a17d3a0263bf5c8723b9c52f43c5084edf13c2e8"
    integrity sha512-VgYs2A2QIRuGphtzFV7aQJduJ2gyfTljngLzjpfW9FoYZF6xuw1W0vW9ghCKLfcWrCFxK81CSGRAvS1pn4fIUg==
